=== AIRE Loop Build-All: Tue Jun  9 22:20:19 CDT 2026 ===
──────────────────────────────────────────────────
──────────────────────────────────────────────────
START 01-inbound-reply-handler
DONE  01-inbound-reply-handler (411s) OK
──────────────────────────────────────────────────
START 03-calendly-post-meeting-followup
DONE  03-calendly-post-meeting-followup (484s) OK
──────────────────────────────────────────────────
START 02-listing-alert-buyer-match
DONE  02-listing-alert-buyer-match (316s) OK
──────────────────────────────────────────────────
START 16-error-memory-autofix
FAIL  16-error-memory-autofix (328s) exit=1
──────────────────────────────────────────────────
START 18-test-coverage-ratchet
FAIL  18-test-coverage-ratchet (649s) exit=1
──────────────────────────────────────────────────
START 10-sphere-reactivation
FAIL  10-sphere-reactivation (355s) exit=1
──────────────────────────────────────────────────
START 14-propstream-intent-revival
FAIL  14-propstream-intent-revival (237s) exit=1
──────────────────────────────────────────────────
START 04-meta-token-refresh-alert
DONE  04-meta-token-refresh-alert (283s) OK
──────────────────────────────────────────────────
START 05-agent-health-monitor
FAIL  05-agent-health-monitor (219s) exit=1
──────────────────────────────────────────────────
START 08-dotloop-sync-freshness
FAIL  08-dotloop-sync-freshness (365s) exit=1
──────────────────────────────────────────────────
START 13-lofty-sync-health
FAIL  13-lofty-sync-health (369s) exit=1
──────────────────────────────────────────────────
START 17-audit-debt-burndown
FAIL  17-audit-debt-burndown (601s) exit=1
──────────────────────────────────────────────────
START 19-paid-ads-oracle
FAIL  19-paid-ads-oracle (287s) exit=1
──────────────────────────────────────────────────
START 20-listing-content-production
FAIL  20-listing-content-production (437s) exit=1
──────────────────────────────────────────────────
START 21-competitor-monitor
FAIL  21-competitor-monitor (286s) exit=1
──────────────────────────────────────────────────
START 06-goal-pacing-alert
FAIL  06-goal-pacing-alert (164s) exit=1
──────────────────────────────────────────────────
START 09-content-performance-learning
FAIL  09-content-performance-learning (222s) exit=1
──────────────────────────────────────────────────
START 15-revival-performance
FAIL  15-revival-performance (368s) exit=1
──────────────────────────────────────────────────
START 22-monthly-meta-discovery
FAIL  22-monthly-meta-discovery (244s) exit=1
──────────────────────────────────────────────────
START 07-render-job-completion
FAIL  07-render-job-completion (377s) exit=1
──────────────────────────────────────────────────
START 12-phase-b-graduation
FAIL  12-phase-b-graduation (153s) exit=1
──────────────────────────────────────────────────
START 11-smart-plan-enrollment-decay
FAIL  11-smart-plan-enrollment-decay (159s) exit=1
──────────────────────────────────────────────────
=== Build-All Complete: 7316s ===
──────────────────────────────────────────────────
# Loop Build-All Summary

_Run: Wed Jun 10 00:22:15 CDT 2026  |  Total: 7316s_

| # | Loop | Status | Duration |
|---|------|--------|----------|
| 1 | 01-inbound-reply-handler | OK ✓ | 411s |
| 2 | 03-calendly-post-meeting-followup | OK ✓ | 484s |
| 3 | 02-listing-alert-buyer-match | OK ✓ | 316s |
| 4 | 16-error-memory-autofix | FAIL ✗ | 328s |
| 5 | 18-test-coverage-ratchet | FAIL ✗ | 649s |
| 6 | 10-sphere-reactivation | FAIL ✗ | 355s |
| 7 | 14-propstream-intent-revival | FAIL ✗ | 237s |
| 8 | 04-meta-token-refresh-alert | OK ✓ | 283s |
| 9 | 05-agent-health-monitor | FAIL ✗ | 219s |
| 10 | 08-dotloop-sync-freshness | FAIL ✗ | 365s |
| 11 | 13-lofty-sync-health | FAIL ✗ | 369s |
| 12 | 17-audit-debt-burndown | FAIL ✗ | 601s |
| 13 | 19-paid-ads-oracle | FAIL ✗ | 287s |
| 14 | 20-listing-content-production | FAIL ✗ | 437s |
| 15 | 21-competitor-monitor | FAIL ✗ | 286s |
| 16 | 06-goal-pacing-alert | FAIL ✗ | 164s |
| 17 | 09-content-performance-learning | FAIL ✗ | 222s |
| 18 | 15-revival-performance | FAIL ✗ | 368s |
| 19 | 22-monthly-meta-discovery | FAIL ✗ | 244s |
| 20 | 07-render-job-completion | FAIL ✗ | 377s |
| 21 | 12-phase-b-graduation | FAIL ✗ | 153s |
| 22 | 11-smart-plan-enrollment-decay | FAIL ✗ | 159s |

## Cron Entries Added
Check `vercel.json` for all cron paths added by loops.

## Oracle Status
Check `loops/active/<slug>/loop.log` for per-loop typecheck/build output.

Full log:  loops/build-all.log
Summary:   loops/build-all-summary.md
